This file contains any messages produced by compilers while
running configure, to aid debugging if configure makes a mistake.

It was created by configure, which was
generated by GNU Autoconf 2.69.  Invocation command line was

  $ ./configure --with-all

## --------- ##
## Platform. ##
## --------- ##

hostname = boyao-desktop
uname -m = x86_64
uname -r = 5.11.0-37-generic
uname -s = Linux
uname -v = #41~20.04.2-Ubuntu SMP Fri Sep 24 09:06:38 UTC 2021

/usr/bin/uname -p = x86_64
/bin/uname -X     = unknown

/bin/arch              = x86_64
/usr/bin/arch -k       = unknown
/usr/convex/getsysinfo = unknown
/usr/bin/hostinfo      = unknown
/bin/machine           = unknown
/usr/bin/oslevel       = unknown
/bin/universe          = unknown

PATH: /home/boyao/.local/bin
PATH: /home/boyao/bin
PATH: /usr/local/sbin
PATH: /usr/local/bin
PATH: /usr/sbin
PATH: /usr/bin
PATH: /sbin
PATH: /bin
PATH: /usr/games
PATH: /usr/local/games
PATH: /snap/bin


## ----------- ##
## Core tests. ##
## ----------- ##

configure:2172: checking for acc
configure:2203: result: no
configure:2210: checking for cc
configure:2241: result: no
configure:2294: checking for gcc
configure:2310: found /usr/bin/gcc
configure:2321: result: gcc
configure:2550: checking for C compiler version
configure:2559: gcc --version >&5
gcc (Ubuntu 9.3.0-17ubuntu1~20.04) 9.3.0
Copyright (C) 2019 Free Software Foundation, Inc.
This is free software; see the source for copying conditions.  There is NO
warranty; not even for MERCHANTABILITY or FITNESS FOR A PARTICULAR PURPOSE.

configure:2570: $? = 0
configure:2559: gcc -v >&5
Using built-in specs.
COLLECT_GCC=gcc
COLLECT_LTO_WRAPPER=/usr/lib/gcc/x86_64-linux-gnu/9/lto-wrapper
OFFLOAD_TARGET_NAMES=nvptx-none:hsa
OFFLOAD_TARGET_DEFAULT=1
Target: x86_64-linux-gnu
Configured with: ../src/configure -v --with-pkgversion='Ubuntu 9.3.0-17ubuntu1~20.04' --with-bugurl=file:///usr/share/doc/gcc-9/README.Bugs --enable-languages=c,ada,c++,go,brig,d,fortran,objc,obj-c++,gm2 --prefix=/usr --with-gcc-major-version-only --program-suffix=-9 --program-prefix=x86_64-linux-gnu- --enable-shared --enable-linker-build-id --libexecdir=/usr/lib --without-included-gettext --enable-threads=posix --libdir=/usr/lib --enable-nls --enable-clocale=gnu --enable-libstdcxx-debug --enable-libstdcxx-time=yes --with-default-libstdcxx-abi=new --enable-gnu-unique-object --disable-vtable-verify --enable-plugin --enable-default-pie --with-system-zlib --with-target-system-zlib=auto --enable-objc-gc=auto --enable-multiarch --disable-werror --with-arch-32=i686 --with-abi=m64 --with-multilib-list=m32,m64,mx32 --enable-multilib --with-tune=generic --enable-offload-targets=nvptx-none=/build/gcc-9-HskZEa/gcc-9-9.3.0/debian/tmp-nvptx/usr,hsa --without-cuda-driver --enable-checking=release --build=x86_64-linux-gnu --host=x86_64-linux-gnu --target=x86_64-linux-gnu
Thread model: posix
gcc version 9.3.0 (Ubuntu 9.3.0-17ubuntu1~20.04) 
configure:2570: $? = 0
configure:2559: gcc -V >&5
gcc: error: unrecognized command line option '-V'
gcc: fatal error: no input files
compilation terminated.
configure:2570: $? = 1
configure:2559: gcc -qversion >&5
gcc: error: unrecognized command line option '-qversion'; did you mean '--version'?
gcc: fatal error: no input files
compilation terminated.
configure:2570: $? = 1
configure:2590: checking whether the C compiler works
configure:2612: gcc    conftest.c  >&5
configure:2616: $? = 0
configure:2664: result: yes
configure:2667: checking for C compiler default output file name
configure:2669: result: a.out
configure:2675: checking for suffix of executables
configure:2682: gcc -o conftest    conftest.c  >&5
configure:2686: $? = 0
configure:2708: result: 
configure:2730: checking whether we are cross compiling
configure:2738: gcc -o conftest    conftest.c  >&5
configure:2742: $? = 0
configure:2749: ./conftest
configure:2753: $? = 0
configure:2741: result: no
configure:2746: checking for suffix of object files
configure:2768: gcc -c   conftest.c >&5
configure:2772: $? = 0
configure:2793: result: o
configure:2797: checking whether we are using the GNU C compiler
configure:2816: gcc -c   conftest.c >&5
configure:2816: $? = 0
configure:2825: result: yes
configure:2834: checking whether gcc accepts -g
configure:2854: gcc -c -g  conftest.c >&5
configure:2854: $? = 0
configure:2895: result: yes
configure:2912: checking for gcc option to accept ISO C89
configure:2975: gcc  -c -g -O2  conftest.c >&5
configure:2975: $? = 0
configure:2988: result: none needed
configure:3013: checking how to run the C preprocessor
configure:3044: gcc -E  conftest.c
configure:3044: $? = 0
configure:3058: gcc -E  conftest.c
conftest.c:9:10: fatal error: ac_nonexistent.h: No such file or directory
    9 | #include <ac_nonexistent.h>
      |          ^~~~~~~~~~~~~~~~~~
compilation terminated.
configure:3058: $? = 1
configure: failed program was:
| /* confdefs.h */
| #define PACKAGE_NAME ""
| #define PACKAGE_TARNAME ""
| #define PACKAGE_VERSION ""
| #define PACKAGE_STRING ""
| #define PACKAGE_BUGREPORT ""
| #define PACKAGE_URL ""
| /* end confdefs.h.  */
| #include <ac_nonexistent.h>
configure:3083: result: gcc -E
configure:3103: gcc -E  conftest.c
configure:3103: $? = 0
configure:3117: gcc -E  conftest.c
conftest.c:9:10: fatal error: ac_nonexistent.h: No such file or directory
    9 | #include <ac_nonexistent.h>
      |          ^~~~~~~~~~~~~~~~~~
compilation terminated.
configure:3117: $? = 1
configure: failed program was:
| /* confdefs.h */
| #define PACKAGE_NAME ""
| #define PACKAGE_TARNAME ""
| #define PACKAGE_VERSION ""
| #define PACKAGE_STRING ""
| #define PACKAGE_BUGREPORT ""
| #define PACKAGE_URL ""
| /* end confdefs.h.  */
| #include <ac_nonexistent.h>
configure:3149: checking for gcc option to accept ISO C99
configure:3298: gcc  -c -g -O2  conftest.c >&5
configure:3298: $? = 0
configure:3311: result: none needed
configure:3419: checking for gcc option to accept ISO Standard C
configure:3430: result: none needed
configure:3439: checking for grep that handles long lines and -e
configure:3497: result: /usr/bin/grep
configure:3502: checking for egrep
configure:3564: result: /usr/bin/grep -E
configure:3569: checking for ANSI C header files
configure:3589: gcc -c -g -O2  conftest.c >&5
configure:3589: $? = 0
configure:3662: gcc -o conftest -g -O2   conftest.c  >&5
configure:3662: $? = 0
configure:3662: ./conftest
configure:3662: $? = 0
configure:3673: result: yes
configure:3686: checking for sys/types.h
configure:3686: gcc -c -g -O2  conftest.c >&5
configure:3686: $? = 0
configure:3686: result: yes
configure:3686: checking for sys/stat.h
configure:3686: gcc -c -g -O2  conftest.c >&5
configure:3686: $? = 0
configure:3686: result: yes
configure:3686: checking for stdlib.h
configure:3686: gcc -c -g -O2  conftest.c >&5
configure:3686: $? = 0
configure:3686: result: yes
configure:3686: checking for string.h
configure:3686: gcc -c -g -O2  conftest.c >&5
configure:3686: $? = 0
configure:3686: result: yes
configure:3686: checking for memory.h
configure:3686: gcc -c -g -O2  conftest.c >&5
configure:3686: $? = 0
configure:3686: result: yes
configure:3686: checking for strings.h
configure:3686: gcc -c -g -O2  conftest.c >&5
configure:3686: $? = 0
configure:3686: result: yes
configure:3686: checking for inttypes.h
configure:3686: gcc -c -g -O2  conftest.c >&5
configure:3686: $? = 0
configure:3686: result: yes
configure:3686: checking for stdint.h
configure:3686: gcc -c -g -O2  conftest.c >&5
configure:3686: $? = 0
configure:3686: result: yes
configure:3686: checking for unistd.h
configure:3686: gcc -c -g -O2  conftest.c >&5
configure:3686: $? = 0
configure:3686: result: yes
configure:3699: checking minix/config.h usability
configure:3699: gcc -c -g -O2  conftest.c >&5
conftest.c:52:10: fatal error: minix/config.h: No such file or directory
   52 | #include <minix/config.h>
      |          ^~~~~~~~~~~~~~~~
compilation terminated.
configure:3699: $? = 1
configure: failed program was:
| /* confdefs.h */
| #define PACKAGE_NAME ""
| #define PACKAGE_TARNAME ""
| #define PACKAGE_VERSION ""
| #define PACKAGE_STRING ""
| #define PACKAGE_BUGREPORT ""
| #define PACKAGE_URL ""
| #define STDC_HEADERS 1
| #define HAVE_SYS_TYPES_H 1
| #define HAVE_SYS_STAT_H 1
| #define HAVE_STDLIB_H 1
| #define HAVE_STRING_H 1
| #define HAVE_MEMORY_H 1
| #define HAVE_STRINGS_H 1
| #define HAVE_INTTYPES_H 1
| #define HAVE_STDINT_H 1
| #define HAVE_UNISTD_H 1
| /* end confdefs.h.  */
| #include <stdio.h>
| #ifdef HAVE_SYS_TYPES_H
| # include <sys/types.h>
| #endif
| #ifdef HAVE_SYS_STAT_H
| # include <sys/stat.h>
| #endif
| #ifdef STDC_HEADERS
| # include <stdlib.h>
| # include <stddef.h>
| #else
| # ifdef HAVE_STDLIB_H
| #  include <stdlib.h>
| # endif
| #endif
| #ifdef HAVE_STRING_H
| # if !defined STDC_HEADERS && defined HAVE_MEMORY_H
| #  include <memory.h>
| # endif
| # include <string.h>
| #endif
| #ifdef HAVE_STRINGS_H
| # include <strings.h>
| #endif
| #ifdef HAVE_INTTYPES_H
| # include <inttypes.h>
| #endif
| #ifdef HAVE_STDINT_H
| # include <stdint.h>
| #endif
| #ifdef HAVE_UNISTD_H
| # include <unistd.h>
| #endif
| #include <minix/config.h>
configure:3699: result: no
configure:3699: checking minix/config.h presence
configure:3699: gcc -E  conftest.c
conftest.c:19:10: fatal error: minix/config.h: No such file or directory
   19 | #include <minix/config.h>
      |          ^~~~~~~~~~~~~~~~
compilation terminated.
configure:3699: $? = 1
configure: failed program was:
| /* confdefs.h */
| #define PACKAGE_NAME ""
| #define PACKAGE_TARNAME ""
| #define PACKAGE_VERSION ""
| #define PACKAGE_STRING ""
| #define PACKAGE_BUGREPORT ""
| #define PACKAGE_URL ""
| #define STDC_HEADERS 1
| #define HAVE_SYS_TYPES_H 1
| #define HAVE_SYS_STAT_H 1
| #define HAVE_STDLIB_H 1
| #define HAVE_STRING_H 1
| #define HAVE_MEMORY_H 1
| #define HAVE_STRINGS_H 1
| #define HAVE_INTTYPES_H 1
| #define HAVE_STDINT_H 1
| #define HAVE_UNISTD_H 1
| /* end confdefs.h.  */
| #include <minix/config.h>
configure:3699: result: no
configure:3699: checking for minix/config.h
configure:3699: result: no
configure:3720: checking whether it is safe to define __EXTENSIONS__
configure:3738: gcc -c -g -O2  conftest.c >&5
configure:3738: $? = 0
configure:3745: result: yes
configure:3761: checking for library containing strerror
configure:3792: gcc -o conftest -g -O2   conftest.c  >&5
configure:3792: $? = 0
configure:3809: result: none required
configure:3860: checking for ranlib
configure:3876: found /usr/bin/ranlib
configure:3887: result: ranlib
configure:3911: checking for memory.h
configure:3911: result: yes
configure:3921: checking for ANSI C header files
configure:4025: result: yes
configure:4033: checking complex.h usability
configure:4033: gcc -c -g -O2  conftest.c >&5
configure:4033: $? = 0
configure:4033: result: yes
configure:4033: checking complex.h presence
configure:4033: gcc -E  conftest.c
configure:4033: $? = 0
configure:4033: result: yes
configure:4033: checking for complex.h
configure:4033: result: yes
configure:4040: checking malloc.h usability
configure:4040: gcc -c -g -O2  conftest.c >&5
configure:4040: $? = 0
configure:4040: result: yes
configure:4040: checking malloc.h presence
configure:4040: gcc -E  conftest.c
configure:4040: $? = 0
configure:4040: result: yes
configure:4040: checking for malloc.h
configure:4040: result: yes
configure:4047: checking varargs.h usability
configure:4047: gcc -c -g -O2  conftest.c >&5
In file included from conftest.c:61:
/usr/lib/gcc/x86_64-linux-gnu/9/include/varargs.h:4:2: error: #error "GCC no longer implements <varargs.h>."
    4 | #error "GCC no longer implements <varargs.h>."
      |  ^~~~~
/usr/lib/gcc/x86_64-linux-gnu/9/include/varargs.h:5:2: error: #error "Revise your code to use <stdarg.h>."
    5 | #error "Revise your code to use <stdarg.h>."
      |  ^~~~~
configure:4047: $? = 1
configure: failed program was:
| /* confdefs.h */
| #define PACKAGE_NAME ""
| #define PACKAGE_TARNAME ""
| #define PACKAGE_VERSION ""
| #define PACKAGE_STRING ""
| #define PACKAGE_BUGREPORT ""
| #define PACKAGE_URL ""
| #define STDC_HEADERS 1
| #define HAVE_SYS_TYPES_H 1
| #define HAVE_SYS_STAT_H 1
| #define HAVE_STDLIB_H 1
| #define HAVE_STRING_H 1
| #define HAVE_MEMORY_H 1
| #define HAVE_STRINGS_H 1
| #define HAVE_INTTYPES_H 1
| #define HAVE_STDINT_H 1
| #define HAVE_UNISTD_H 1
| #define __EXTENSIONS__ 1
| #define _ALL_SOURCE 1
| #define _GNU_SOURCE 1
| #define _POSIX_PTHREAD_SEMANTICS 1
| #define _TANDEM_SOURCE 1
| #define HAVE_MEMORY_H 1
| #define STDC_HEADERS 1
| #define HAVE_COMPLEX_H 1
| #define HAVE_MALLOC_H 1
| /* end confdefs.h.  */
| #include <stdio.h>
| #ifdef HAVE_SYS_TYPES_H
| # include <sys/types.h>
| #endif
| #ifdef HAVE_SYS_STAT_H
| # include <sys/stat.h>
| #endif
| #ifdef STDC_HEADERS
| # include <stdlib.h>
| # include <stddef.h>
| #else
| # ifdef HAVE_STDLIB_H
| #  include <stdlib.h>
| # endif
| #endif
| #ifdef HAVE_STRING_H
| # if !defined STDC_HEADERS && defined HAVE_MEMORY_H
| #  include <memory.h>
| # endif
| # include <string.h>
| #endif
| #ifdef HAVE_STRINGS_H
| # include <strings.h>
| #endif
| #ifdef HAVE_INTTYPES_H
| # include <inttypes.h>
| #endif
| #ifdef HAVE_STDINT_H
| # include <stdint.h>
| #endif
| #ifdef HAVE_UNISTD_H
| # include <unistd.h>
| #endif
| #include <varargs.h>
configure:4047: result: no
configure:4047: checking varargs.h presence
configure:4047: gcc -E  conftest.c
In file included from conftest.c:28:
/usr/lib/gcc/x86_64-linux-gnu/9/include/varargs.h:4:2: error: #error "GCC no longer implements <varargs.h>."
    4 | #error "GCC no longer implements <varargs.h>."
      |  ^~~~~
/usr/lib/gcc/x86_64-linux-gnu/9/include/varargs.h:5:2: error: #error "Revise your code to use <stdarg.h>."
    5 | #error "Revise your code to use <stdarg.h>."
      |  ^~~~~
configure:4047: $? = 1
configure: failed program was:
| /* confdefs.h */
| #define PACKAGE_NAME ""
| #define PACKAGE_TARNAME ""
| #define PACKAGE_VERSION ""
| #define PACKAGE_STRING ""
| #define PACKAGE_BUGREPORT ""
| #define PACKAGE_URL ""
| #define STDC_HEADERS 1
| #define HAVE_SYS_TYPES_H 1
| #define HAVE_SYS_STAT_H 1
| #define HAVE_STDLIB_H 1
| #define HAVE_STRING_H 1
| #define HAVE_MEMORY_H 1
| #define HAVE_STRINGS_H 1
| #define HAVE_INTTYPES_H 1
| #define HAVE_STDINT_H 1
| #define HAVE_UNISTD_H 1
| #define __EXTENSIONS__ 1
| #define _ALL_SOURCE 1
| #define _GNU_SOURCE 1
| #define _POSIX_PTHREAD_SEMANTICS 1
| #define _TANDEM_SOURCE 1
| #define HAVE_MEMORY_H 1
| #define STDC_HEADERS 1
| #define HAVE_COMPLEX_H 1
| #define HAVE_MALLOC_H 1
| /* end confdefs.h.  */
| #include <varargs.h>
configure:4047: result: no
configure:4047: checking for varargs.h
configure:4047: result: no
configure:4056: checking for size_t
configure:4056: gcc -c -g -O2  conftest.c >&5
configure:4056: $? = 0
configure:4056: gcc -c -g -O2  conftest.c >&5
conftest.c: In function 'main':
conftest.c:65:21: error: expected expression before ')' token
   65 | if (sizeof ((size_t)))
      |                     ^
configure:4056: $? = 1
configure: failed program was:
| /* confdefs.h */
| #define PACKAGE_NAME ""
| #define PACKAGE_TARNAME ""
| #define PACKAGE_VERSION ""
| #define PACKAGE_STRING ""
| #define PACKAGE_BUGREPORT ""
| #define PACKAGE_URL ""
| #define STDC_HEADERS 1
| #define HAVE_SYS_TYPES_H 1
| #define HAVE_SYS_STAT_H 1
| #define HAVE_STDLIB_H 1
| #define HAVE_STRING_H 1
| #define HAVE_MEMORY_H 1
| #define HAVE_STRINGS_H 1
| #define HAVE_INTTYPES_H 1
| #define HAVE_STDINT_H 1
| #define HAVE_UNISTD_H 1
| #define __EXTENSIONS__ 1
| #define _ALL_SOURCE 1
| #define _GNU_SOURCE 1
| #define _POSIX_PTHREAD_SEMANTICS 1
| #define _TANDEM_SOURCE 1
| #define HAVE_MEMORY_H 1
| #define STDC_HEADERS 1
| #define HAVE_COMPLEX_H 1
| #define HAVE_MALLOC_H 1
| #define NOT_SEGMENTED 1
| /* end confdefs.h.  */
| #include <stdio.h>
| #ifdef HAVE_SYS_TYPES_H
| # include <sys/types.h>
| #endif
| #ifdef HAVE_SYS_STAT_H
| # include <sys/stat.h>
| #endif
| #ifdef STDC_HEADERS
| # include <stdlib.h>
| # include <stddef.h>
| #else
| # ifdef HAVE_STDLIB_H
| #  include <stdlib.h>
| # endif
| #endif
| #ifdef HAVE_STRING_H
| # if !defined STDC_HEADERS && defined HAVE_MEMORY_H
| #  include <memory.h>
| # endif
| # include <string.h>
| #endif
| #ifdef HAVE_STRINGS_H
| # include <strings.h>
| #endif
| #ifdef HAVE_INTTYPES_H
| # include <inttypes.h>
| #endif
| #ifdef HAVE_STDINT_H
| # include <stdint.h>
| #endif
| #ifdef HAVE_UNISTD_H
| # include <unistd.h>
| #endif
| int
| main ()
| {
| if (sizeof ((size_t)))
| 	    return 0;
|   ;
|   return 0;
| }
configure:4056: result: yes
configure:4067: checking for an ANSI C-conforming const
configure:4133: gcc -c -g -O2  conftest.c >&5
configure:4133: $? = 0
configure:4140: result: yes
configure:4148: checking whether byte ordering is bigendian
configure:4163: gcc -c -g -O2  conftest.c >&5
conftest.c:30:9: error: unknown type name 'not'
   30 |         not a universal capable compiler
      |         ^~~
conftest.c:30:15: error: expected '=', ',', ';', 'asm' or '__attribute__' before 'universal'
   30 |         not a universal capable compiler
      |               ^~~~~~~~~
conftest.c:30:15: error: unknown type name 'universal'
configure:4163: $? = 1
configure: failed program was:
| /* confdefs.h */
| #define PACKAGE_NAME ""
| #define PACKAGE_TARNAME ""
| #define PACKAGE_VERSION ""
| #define PACKAGE_STRING ""
| #define PACKAGE_BUGREPORT ""
| #define PACKAGE_URL ""
| #define STDC_HEADERS 1
| #define HAVE_SYS_TYPES_H 1
| #define HAVE_SYS_STAT_H 1
| #define HAVE_STDLIB_H 1
| #define HAVE_STRING_H 1
| #define HAVE_MEMORY_H 1
| #define HAVE_STRINGS_H 1
| #define HAVE_INTTYPES_H 1
| #define HAVE_STDINT_H 1
| #define HAVE_UNISTD_H 1
| #define __EXTENSIONS__ 1
| #define _ALL_SOURCE 1
| #define _GNU_SOURCE 1
| #define _POSIX_PTHREAD_SEMANTICS 1
| #define _TANDEM_SOURCE 1
| #define HAVE_MEMORY_H 1
| #define STDC_HEADERS 1
| #define HAVE_COMPLEX_H 1
| #define HAVE_MALLOC_H 1
| #define NOT_SEGMENTED 1
| /* end confdefs.h.  */
| #ifndef __APPLE_CC__
| 	       not a universal capable compiler
| 	     #endif
| 	     typedef int dummy;
| 
configure:4208: gcc -c -g -O2  conftest.c >&5
configure:4208: $? = 0
configure:4226: gcc -c -g -O2  conftest.c >&5
conftest.c: In function 'main':
conftest.c:36:4: error: unknown type name 'not'; did you mean 'ino_t'?
   36 |    not big endian
      |    ^~~
      |    ino_t
conftest.c:36:12: error: expected '=', ',', ';', 'asm' or '__attribute__' before 'endian'
   36 |    not big endian
      |            ^~~~~~
configure:4226: $? = 1
configure: failed program was:
| /* confdefs.h */
| #define PACKAGE_NAME ""
| #define PACKAGE_TARNAME ""
| #define PACKAGE_VERSION ""
| #define PACKAGE_STRING ""
| #define PACKAGE_BUGREPORT ""
| #define PACKAGE_URL ""
| #define STDC_HEADERS 1
| #define HAVE_SYS_TYPES_H 1
| #define HAVE_SYS_STAT_H 1
| #define HAVE_STDLIB_H 1
| #define HAVE_STRING_H 1
| #define HAVE_MEMORY_H 1
| #define HAVE_STRINGS_H 1
| #define HAVE_INTTYPES_H 1
| #define HAVE_STDINT_H 1
| #define HAVE_UNISTD_H 1
| #define __EXTENSIONS__ 1
| #define _ALL_SOURCE 1
| #define _GNU_SOURCE 1
| #define _POSIX_PTHREAD_SEMANTICS 1
| #define _TANDEM_SOURCE 1
| #define HAVE_MEMORY_H 1
| #define STDC_HEADERS 1
| #define HAVE_COMPLEX_H 1
| #define HAVE_MALLOC_H 1
| #define NOT_SEGMENTED 1
| /* end confdefs.h.  */
| #include <sys/types.h>
| 		#include <sys/param.h>
| 
| int
| main ()
| {
| #if BYTE_ORDER != BIG_ENDIAN
| 		 not big endian
| 		#endif
| 
|   ;
|   return 0;
| }
configure:4354: result: no
configure:4441: gcc -c -g -O2  conftest.c >&5
conftest.c:29:6: error: expected ';' before 'int'
   29 | u_int
      |      ^
      |      ;
   30 | int
      | ~~~   
In file included from /usr/include/stdio.h:864,
                 from conftest.c:33:
/usr/include/x86_64-linux-gnu/bits/stdio.h: In function 'main':
/usr/include/x86_64-linux-gnu/bits/stdio.h:47:1: error: nested function 'getchar' declared 'extern'
   47 | getchar (void)
      | ^~~~~~~
/usr/include/x86_64-linux-gnu/bits/stdio.h:47:1: error: static declaration of 'getchar' follows non-static declaration
In file included from conftest.c:33:
/usr/include/stdio.h:492:12: note: previous declaration of 'getchar' was here
  492 | extern int getchar (void);
      |            ^~~~~~~
In file included from /usr/include/stdio.h:864,
                 from conftest.c:33:
/usr/include/x86_64-linux-gnu/bits/stdio.h:56:1: error: nested function 'fgetc_unlocked' declared 'extern'
   56 | fgetc_unlocked (FILE *__fp)
      | ^~~~~~~~~~~~~~
/usr/include/x86_64-linux-gnu/bits/stdio.h:56:1: error: static declaration of 'fgetc_unlocked' follows non-static declaration
In file included from conftest.c:33:
/usr/include/stdio.h:510:12: note: previous declaration of 'fgetc_unlocked' was here
  510 | extern int fgetc_unlocked (FILE *__stream);
      |            ^~~~~~~~~~~~~~
In file included from /usr/include/stdio.h:864,
                 from conftest.c:33:
/usr/include/x86_64-linux-gnu/bits/stdio.h:66:1: error: nested function 'getc_unlocked' declared 'extern'
   66 | getc_unlocked (FILE *__fp)
      | ^~~~~~~~~~~~~
/usr/include/x86_64-linux-gnu/bits/stdio.h:66:1: error: static declaration of 'getc_unlocked' follows non-static declaration
In file included from conftest.c:33:
/usr/include/stdio.h:499:12: note: previous declaration of 'getc_unlocked' was here
  499 | extern int getc_unlocked (FILE *__stream);
      |            ^~~~~~~~~~~~~
In file included from /usr/include/stdio.h:864,
                 from conftest.c:33:
/usr/include/x86_64-linux-gnu/bits/stdio.h:73:1: error: nested function 'getchar_unlocked' declared 'extern'
   73 | getchar_unlocked (void)
      | ^~~~~~~~~~~~~~~~
/usr/include/x86_64-linux-gnu/bits/stdio.h:73:1: error: static declaration of 'getchar_unlocked' follows non-static declaration
In file included from conftest.c:33:
/usr/include/stdio.h:500:12: note: previous declaration of 'getchar_unlocked' was here
  500 | extern int getchar_unlocked (void);
      |            ^~~~~~~~~~~~~~~~
In file included from /usr/include/stdio.h:864,
                 from conftest.c:33:
/usr/include/x86_64-linux-gnu/bits/stdio.h:82:1: error: nested function 'putchar' declared 'extern'
   82 | putchar (int __c)
      | ^~~~~~~
/usr/include/x86_64-linux-gnu/bits/stdio.h:82:1: error: static declaration of 'putchar' follows non-static declaration
In file included from conftest.c:33:
/usr/include/stdio.h:528:12: note: previous declaration of 'putchar' was here
  528 | extern int putchar (int __c);
      |            ^~~~~~~
In file included from /usr/include/stdio.h:864,
                 from conftest.c:33:
/usr/include/x86_64-linux-gnu/bits/stdio.h:91:1: error: nested function 'fputc_unlocked' declared 'extern'
   91 | fputc_unlocked (int __c, FILE *__stream)
      | ^~~~~~~~~~~~~~
/usr/include/x86_64-linux-gnu/bits/stdio.h:91:1: error: static declaration of 'fputc_unlocked' follows non-static declaration
In file included from conftest.c:33:
/usr/include/stdio.h:537:12: note: previous declaration of 'fputc_unlocked' was here
  537 | extern int fputc_unlocked (int __c, FILE *__stream);
      |            ^~~~~~~~~~~~~~
In file included from /usr/include/stdio.h:864,
                 from conftest.c:33:
/usr/include/x86_64-linux-gnu/bits/stdio.h:101:1: error: nested function 'putc_unlocked' declared 'extern'
  101 | putc_unlocked (int __c, FILE *__stream)
      | ^~~~~~~~~~~~~
/usr/include/x86_64-linux-gnu/bits/stdio.h:101:1: error: static declaration of 'putc_unlocked' follows non-static declaration
In file included from conftest.c:33:
/usr/include/stdio.h:545:12: note: previous declaration of 'putc_unlocked' was here
  545 | extern int putc_unlocked (int __c, FILE *__stream);
      |            ^~~~~~~~~~~~~
In file included from /usr/include/stdio.h:864,
                 from conftest.c:33:
/usr/include/x86_64-linux-gnu/bits/stdio.h:108:1: error: nested function 'putchar_unlocked' declared 'extern'
  108 | putchar_unlocked (int __c)
      | ^~~~~~~~~~~~~~~~
/usr/include/x86_64-linux-gnu/bits/stdio.h:108:1: error: static declaration of 'putchar_unlocked' follows non-static declaration
In file included from conftest.c:33:
/usr/include/stdio.h:546:12: note: previous declaration of 'putchar_unlocked' was here
  546 | extern int putchar_unlocked (int __c);
      |            ^~~~~~~~~~~~~~~~
In file included from /usr/include/stdio.h:864,
                 from conftest.c:33:
/usr/include/x86_64-linux-gnu/bits/stdio.h:118:1: error: nested function 'getline' declared 'extern'
  118 | getline (char **__lineptr, size_t *__n, FILE *__stream)
      | ^~~~~~~
/usr/include/x86_64-linux-gnu/bits/stdio.h:118:1: error: static declaration of 'getline' follows non-static declaration
In file included from conftest.c:33:
/usr/include/stdio.h:616:18: note: previous declaration of 'getline' was here
  616 | extern __ssize_t getline (char **__restrict __lineptr,
      |                  ^~~~~~~
In file included from /usr/include/features.h:461,
                 from /usr/include/x86_64-linux-gnu/bits/libc-header-start.h:33,
                 from /usr/include/stdio.h:27,
                 from conftest.c:33:
/usr/include/x86_64-linux-gnu/bits/stdio.h:128:1: error: nested function 'feof_unlocked' declared 'extern'
  128 | __NTH (feof_unlocked (FILE *__stream))
      | ^~~~~
/usr/include/x86_64-linux-gnu/bits/stdio.h:128:1: error: static declaration of 'feof_unlocked' follows non-static declaration
In file included from conftest.c:33:
/usr/include/stdio.h:766:12: note: previous declaration of 'feof_unlocked' was here
  766 | extern int feof_unlocked (FILE *__stream) __THROW __wur;
      |            ^~~~~~~~~~~~~
In file included from /usr/include/features.h:461,
                 from /usr/include/x86_64-linux-gnu/bits/libc-header-start.h:33,
                 from /usr/include/stdio.h:27,
                 from conftest.c:33:
/usr/include/x86_64-linux-gnu/bits/stdio.h:135:1: error: nested function 'ferror_unlocked' declared 'extern'
  135 | __NTH (ferror_unlocked (FILE *__stream))
      | ^~~~~
/usr/include/x86_64-linux-gnu/bits/stdio.h:135:1: error: static declaration of 'ferror_unlocked' follows non-static declaration
In file included from conftest.c:33:
/usr/include/stdio.h:767:12: note: previous declaration of 'ferror_unlocked' was here
  767 | extern int ferror_unlocked (FILE *__stream) __THROW __wur;
      |            ^~~~~~~~~~~~~~~
In file included from /usr/include/features.h:461,
                 from /usr/include/x86_64-linux-gnu/bits/libc-header-start.h:33,
                 from /usr/include/stdio.h:27,
                 from conftest.c:33:
/usr/include/x86_64-linux-gnu/bits/stdio2.h:34:1: error: nested function 'sprintf' declared 'extern'
   34 | __NTH (sprintf (char *__restrict __s, const char *__restrict __fmt, ...))
      | ^~~~~
/usr/include/x86_64-linux-gnu/bits/stdio2.h:34:1: error: static declaration of 'sprintf' follows non-static declaration
In file included from conftest.c:33:
/usr/include/stdio.h:334:12: note: previous declaration of 'sprintf' was here
  334 | extern int sprintf (char *__restrict __s,
      |            ^~~~~~~
In file included from /usr/include/features.h:461,
                 from /usr/include/x86_64-linux-gnu/bits/libc-header-start.h:33,
                 from /usr/include/stdio.h:27,
                 from conftest.c:33:
/usr/include/x86_64-linux-gnu/bits/stdio2.h:46:1: error: nested function 'vsprintf' declared 'extern'
   46 | __NTH (vsprintf (char *__restrict __s, const char *__restrict __fmt,
      | ^~~~~
/usr/include/x86_64-linux-gnu/bits/stdio2.h:46:1: error: static declaration of 'vsprintf' follows non-static declaration
In file included from conftest.c:33:
/usr/include/stdio.h:349:12: note: previous declaration of 'vsprintf' was here
  349 | extern int vsprintf (char *__restrict __s, const char *__restrict __format,
      |            ^~~~~~~~
In file included from /usr/include/features.h:461,
                 from /usr/include/x86_64-linux-gnu/bits/libc-header-start.h:33,
                 from /usr/include/stdio.h:27,
                 from conftest.c:33:
/usr/include/x86_64-linux-gnu/bits/stdio2.h:64:1: error: nested function 'snprintf' declared 'extern'
   64 | __NTH (snprintf (char *__restrict __s, size_t __n,
      | ^~~~~
/usr/include/x86_64-linux-gnu/bits/stdio2.h:64:1: error: static declaration of 'snprintf' follows non-static declaration
In file included from conftest.c:33:
/usr/include/stdio.h:354:12: note: previous declaration of 'snprintf' was here
  354 | extern int snprintf (char *__restrict __s, size_t __maxlen,
      |            ^~~~~~~~
In file included from /usr/include/features.h:461,
                 from /usr/include/x86_64-linux-gnu/bits/libc-header-start.h:33,
                 from /usr/include/stdio.h:27,
                 from conftest.c:33:
/usr/include/x86_64-linux-gnu/bits/stdio2.h:77:1: error: nested function 'vsnprintf' declared 'extern'
   77 | __NTH (vsnprintf (char *__restrict __s, size_t __n,
      | ^~~~~
/usr/include/x86_64-linux-gnu/bits/stdio2.h:77:1: error: static declaration of 'vsnprintf' follows non-static declaration
In file included from conftest.c:33:
/usr/include/stdio.h:358:12: note: previous declaration of 'vsnprintf' was here
  358 | extern int vsnprintf (char *__restrict __s, size_t __maxlen,
      |            ^~~~~~~~~
In file included from /usr/include/stdio.h:867,
                 from conftest.c:33:
/usr/include/x86_64-linux-gnu/bits/stdio2.h:98:1: error: nested function 'fprintf' declared 'extern'
   98 | fprintf (FILE *__restrict __stream, const char *__restrict __fmt, ...)
      | ^~~~~~~
/usr/include/x86_64-linux-gnu/bits/stdio2.h:98:1: error: static declaration of 'fprintf' follows non-static declaration
In file included from conftest.c:33:
/usr/include/stdio.h:326:12: note: previous declaration of 'fprintf' was here
  326 | extern int fprintf (FILE *__restrict __stream,
      |            ^~~~~~~
In file included from /usr/include/stdio.h:867,
                 from conftest.c:33:
/usr/include/x86_64-linux-gnu/bits/stdio2.h:105:1: error: nested function 'printf' declared 'extern'
  105 | printf (const char *__restrict __fmt, ...)
      | ^~~~~~
/usr/include/x86_64-linux-gnu/bits/stdio2.h:105:1: error: static declaration of 'printf' follows non-static declaration
In file included from conftest.c:33:
/usr/include/stdio.h:332:12: note: previous declaration of 'printf' was here
  332 | extern int printf (const char *__restrict __format, ...);
      |            ^~~~~~
In file included from /usr/include/stdio.h:867,
                 from conftest.c:33:
/usr/include/x86_64-linux-gnu/bits/stdio2.h:117:1: error: nested function 'vprintf' declared 'extern'
  117 | vprintf (const char *__restrict __fmt, __gnuc_va_list __ap)
      | ^~~~~~~
/usr/include/x86_64-linux-gnu/bits/stdio2.h:117:1: error: static declaration of 'vprintf' follows non-static declaration
In file included from conftest.c:33:
/usr/include/stdio.h:347:12: note: previous declaration of 'vprintf' was here
  347 | extern int vprintf (const char *__restrict __format, __gnuc_va_list __arg);
      |            ^~~~~~~
In file included from /usr/include/stdio.h:867,
                 from conftest.c:33:
/usr/include/x86_64-linux-gnu/bits/stdio2.h:127:1: error: nested function 'vfprintf' declared 'extern'
  127 | vfprintf (FILE *__restrict __stream,
      | ^~~~~~~~
/usr/include/x86_64-linux-gnu/bits/stdio2.h:127:1: error: static declaration of 'vfprintf' follows non-static declaration
In file included from conftest.c:33:
/usr/include/stdio.h:341:12: note: previous declaration of 'vfprintf' was here
  341 | extern int vfprintf (FILE *__restrict __s, const char *__restrict __format,
      |            ^~~~~~~~
In file included from /usr/include/stdio.h:867,
                 from conftest.c:33:
/usr/include/x86_64-linux-gnu/bits/stdio2.h:142:1: error: nested function 'dprintf' declared 'extern'
  142 | dprintf (int __fd, const char *__restrict __fmt, ...)
      | ^~~~~~~
/usr/include/x86_64-linux-gnu/bits/stdio2.h:142:1: error: static declaration of 'dprintf' follows non-static declaration
In file included from conftest.c:33:
/usr/include/stdio.h:382:12: note: previous declaration of 'dprintf' was here
  382 | extern int dprintf (int __fd, const char *__restrict __fmt, ...)
      |            ^~~~~~~
In file included from /usr/include/stdio.h:867,
                 from conftest.c:33:
/usr/include/x86_64-linux-gnu/bits/stdio2.h:153:1: error: nested function 'vdprintf' declared 'extern'
  153 | vdprintf (int __fd, const char *__restrict __fmt, __gnuc_va_list __ap)
      | ^~~~~~~~
/usr/include/x86_64-linux-gnu/bits/stdio2.h:153:1: error: static declaration of 'vdprintf' follows non-static declaration
In file included from conftest.c:33:
/usr/include/stdio.h:379:12: note: previous declaration of 'vdprintf' was here
  379 | extern int vdprintf (int __fd, const char *__restrict __fmt,
      |            ^~~~~~~~
In file included from /usr/include/features.h:461,
                 from /usr/include/x86_64-linux-gnu/bits/libc-header-start.h:33,
                 from /usr/include/stdio.h:27,
                 from conftest.c:33:
/usr/include/x86_64-linux-gnu/bits/stdio2.h:179:1: error: nested function 'asprintf' declared 'extern'
  179 | __NTH (asprintf (char **__restrict __ptr, const char *__restrict __fmt, ...))
      | ^~~~~
/usr/include/x86_64-linux-gnu/bits/stdio2.h:179:1: error: static declaration of 'asprintf' follows non-static declaration
In file included from conftest.c:33:
/usr/include/stdio.h:372:12: note: previous declaration of 'asprintf' was here
  372 | extern int asprintf (char **__restrict __ptr,
      |            ^~~~~~~~
In file included from /usr/include/features.h:461,
                 from /usr/include/x86_64-linux-gnu/bits/libc-header-start.h:33,
                 from /usr/include/stdio.h:27,
                 from conftest.c:33:
/usr/include/x86_64-linux-gnu/bits/stdio2.h:186:1: error: nested function '__asprintf' declared 'extern'
  186 | __NTH (__asprintf (char **__restrict __ptr, const char *__restrict __fmt,
      | ^~~~~
/usr/include/x86_64-linux-gnu/bits/stdio2.h:186:1: error: static declaration of '__asprintf' follows non-static declaration
In file included from conftest.c:33:
/usr/include/stdio.h:369:12: note: previous declaration of '__asprintf' was here
  369 | extern int __asprintf (char **__restrict __ptr,
      |            ^~~~~~~~~~
In file included from /usr/include/features.h:461,
                 from /usr/include/x86_64-linux-gnu/bits/libc-header-start.h:33,
                 from /usr/include/stdio.h:27,
                 from conftest.c:33:
/usr/include/x86_64-linux-gnu/bits/stdio2.h:194:1: error: nested function 'obstack_printf' declared 'extern'
  194 | __NTH (obstack_printf (struct obstack *__restrict __obstack,
      | ^~~~~
/usr/include/x86_64-linux-gnu/bits/stdio2.h:194:1: error: static declaration of 'obstack_printf' follows non-static declaration
In file included from conftest.c:33:
/usr/include/stdio.h:826:12: note: previous declaration of 'obstack_printf' was here
  826 | extern int obstack_printf (struct obstack *__restrict __obstack,
      |            ^~~~~~~~~~~~~~
In file included from /usr/include/features.h:461,
                 from /usr/include/x86_64-linux-gnu/bits/libc-header-start.h:33,
                 from /usr/include/stdio.h:27,
                 from conftest.c:33:
/usr/include/x86_64-linux-gnu/bits/stdio2.h:210:1: error: nested function 'vasprintf' declared 'extern'
  210 | __NTH (vasprintf (char **__restrict __ptr, const char *__restrict __fmt,
      | ^~~~~
/usr/include/x86_64-linux-gnu/bits/stdio2.h:210:1: error: static declaration of 'vasprintf' follows non-static declaration
In file included from conftest.c:33:
/usr/include/stdio.h:366:12: note: previous declaration of 'vasprintf' was here
  366 | extern int vasprintf (char **__restrict __ptr, const char *__restrict __f,
      |            ^~~~~~~~~
In file included from /usr/include/features.h:461,
                 from /usr/include/x86_64-linux-gnu/bits/libc-header-start.h:33,
                 from /usr/include/stdio.h:27,
                 from conftest.c:33:
/usr/include/x86_64-linux-gnu/bits/stdio2.h:217:1: error: nested function 'obstack_vprintf' declared 'extern'
  217 | __NTH (obstack_vprintf (struct obstack *__restrict __obstack,
      | ^~~~~
/usr/include/x86_64-linux-gnu/bits/stdio2.h:217:1: error: static declaration of 'obstack_vprintf' follows non-static declaration
In file included from conftest.c:33:
/usr/include/stdio.h:829:12: note: previous declaration of 'obstack_vprintf' was here
  829 | extern int obstack_vprintf (struct obstack *__restrict __obstack,
      |            ^~~~~~~~~~~~~~~
In file included from /usr/include/stdio.h:867,
                 from conftest.c:33:
/usr/include/x86_64-linux-gnu/bits/stdio2.h:255:1: error: nested function 'fgets' declared 'extern'
  255 | fgets (char *__restrict __s, int __n, FILE *__restrict __stream)
      | ^~~~~
/usr/include/x86_64-linux-gnu/bits/stdio2.h:255:1: error: static declaration of 'fgets' follows non-static declaration
In file included from conftest.c:33:
/usr/include/stdio.h:564:14: note: previous declaration of 'fgets' was here
  564 | extern char *fgets (char *__restrict __s, int __n, FILE *__restrict __stream)
      |              ^~~~~
In file included from /usr/include/stdio.h:867,
                 from conftest.c:33:
/usr/include/x86_64-linux-gnu/bits/stdio2.h:284:1: error: nested function 'fread' declared 'extern'
  284 | fread (void *__restrict __ptr, size_t __size, size_t __n,
      | ^~~~~
/usr/include/x86_64-linux-gnu/bits/stdio2.h:284:1: error: static declaration of 'fread' follows non-static declaration
In file included from conftest.c:33:
/usr/include/stdio.h:646:15: note: previous declaration of 'fread' was here
  646 | extern size_t fread (void *__restrict __ptr, size_t __size,
      |               ^~~~~
In file included from /usr/include/stdio.h:867,
                 from conftest.c:33:
/usr/include/x86_64-linux-gnu/bits/stdio2.h:313:1: error: nested function 'fgets_unlocked' declared 'extern'
  313 | fgets_unlocked (char *__restrict __s, int __n, FILE *__restrict __stream)
      | ^~~~~~~~~~~~~~
/usr/include/x86_64-linux-gnu/bits/stdio2.h:313:1: error: static declaration of 'fgets_unlocked' follows non-static declaration
In file included from conftest.c:33:
/usr/include/stdio.h:587:14: note: previous declaration of 'fgets_unlocked' was here
  587 | extern char *fgets_unlocked (char *__restrict __s, int __n,
      |              ^~~~~~~~~~~~~~
In file included from /usr/include/stdio.h:867,
                 from conftest.c:33:
/usr/include/x86_64-linux-gnu/bits/stdio2.h:345:1: error: nested function 'fread_unlocked' declared 'extern'
  345 | fread_unlocked (void *__restrict __ptr, size_t __size, size_t __n,
      | ^~~~~~~~~~~~~~
/usr/include/x86_64-linux-gnu/bits/stdio2.h:345:1: error: static declaration of 'fread_unlocked' follows non-static declaration
In file included from conftest.c:33:
/usr/include/stdio.h:673:15: note: previous declaration of 'fread_unlocked' was here
  673 | extern size_t fread_unlocked (void *__restrict __ptr, size_t __size,
      |               ^~~~~~~~~~~~~~
In file included from /usr/include/features.h:461,
                 from /usr/include/x86_64-linux-gnu/bits/libc-header-start.h:33,
                 from /usr/include/stdio.h:27,
                 from conftest.c:33:
/usr/include/stdlib.h:361:1: error: nested function 'atoi' declared 'extern'
  361 | __NTH (atoi (const char *__nptr))
      | ^~~~~
/usr/include/stdlib.h:361:1: error: static declaration of 'atoi' follows non-static declaration
In file included from conftest.c:35:
/usr/include/stdlib.h:104:12: note: previous declaration of 'atoi' was here
  104 | extern int atoi (const char *__nptr)
      |            ^~~~
In file included from /usr/include/features.h:461,
                 from /usr/include/x86_64-linux-gnu/bits/libc-header-start.h:33,
                 from /usr/include/stdio.h:27,
                 from conftest.c:33:
/usr/include/stdlib.h:366:1: error: nested function 'atol' declared 'extern'
  366 | __NTH (atol (const char *__nptr))
      | ^~~~~
/usr/include/stdlib.h:366:1: error: static declaration of 'atol' follows non-static declaration
In file included from conftest.c:35:
/usr/include/stdlib.h:107:17: note: previous declaration of 'atol' was here
  107 | extern long int atol (const char *__nptr)
      |                 ^~~~
In file included from /usr/include/features.h:461,
                 from /usr/include/x86_64-linux-gnu/bits/libc-header-start.h:33,
                 from /usr/include/stdio.h:27,
                 from conftest.c:33:
/usr/include/stdlib.h:373:1: error: nested function 'atoll' declared 'extern'
  373 | __NTH (atoll (const char *__nptr))
      | ^~~~~
/usr/include/stdlib.h:373:1: error: static declaration of 'atoll' follows non-static declaration
In file included from conftest.c:35:
/usr/include/stdlib.h:112:36: note: previous declaration of 'atoll' was here
  112 | __extension__ extern long long int atoll (const char *__nptr)
      |                                    ^~~~~
In file included from /usr/include/endian.h:35,
                 from /usr/include/x86_64-linux-gnu/sys/types.h:176,
                 from /usr/include/stdlib.h:394,
                 from conftest.c:35:
/usr/include/x86_64-linux-gnu/bits/byteswap.h:34:1: error: invalid storage class for function '__bswap_16'
   34 | __bswap_16 (__uint16_t __bsx)
      | ^~~~~~~~~~
/usr/include/x86_64-linux-gnu/bits/byteswap.h:49:1: error: invalid storage class for function '__bswap_32'
   49 | __bswap_32 (__uint32_t __bsx)
      | ^~~~~~~~~~
/usr/include/x86_64-linux-gnu/bits/byteswap.h:70:1: error: invalid storage class for function '__bswap_64'
   70 | __bswap_64 (__uint64_t __bsx)
      | ^~~~~~~~~~
In file included from /usr/include/endian.h:36,
                 from /usr/include/x86_64-linux-gnu/sys/types.h:176,
                 from /usr/include/stdlib.h:394,
                 from conftest.c:35:
/usr/include/x86_64-linux-gnu/bits/uintn-identity.h:33:1: error: invalid storage class for function '__uint16_identity'
   33 | __uint16_identity (__uint16_t __x)
      | ^~~~~~~~~~~~~~~~~
/usr/include/x86_64-linux-gnu/bits/uintn-identity.h:39:1: error: invalid storage class for function '__uint32_identity'
   39 | __uint32_identity (__uint32_t __x)
      | ^~~~~~~~~~~~~~~~~
/usr/include/x86_64-linux-gnu/bits/uintn-identity.h:45:1: error: invalid storage class for function '__uint64_identity'
   45 | __uint64_identity (__uint64_t __x)
      | ^~~~~~~~~~~~~~~~~
In file included from /usr/include/stdlib.h:825,
                 from conftest.c:35:
/usr/include/x86_64-linux-gnu/bits/stdlib-bsearch.h:20:1: error: nested function 'bsearch' declared 'extern'
   20 | bsearch (const void *__key, const void *__base, size_t __nmemb, size_t __size,
      | ^~~~~~~
/usr/include/x86_64-linux-gnu/bits/stdlib-bsearch.h:20:1: error: static declaration of 'bsearch' follows non-static declaration
In file included from conftest.c:35:
/usr/include/stdlib.h:820:14: note: previous declaration of 'bsearch' was here
  820 | extern void *bsearch (const void *__key, const void *__base,
      |              ^~~~~~~
In file included from /usr/include/features.h:461,
                 from /usr/include/x86_64-linux-gnu/bits/libc-header-start.h:33,
                 from /usr/include/stdio.h:27,
                 from conftest.c:33:
/usr/include/x86_64-linux-gnu/bits/stdlib-float.h:25:1: error: nested function 'atof' declared 'extern'
   25 | __NTH (atof (const char *__nptr))
      | ^~~~~
/usr/include/x86_64-linux-gnu/bits/stdlib-float.h:25:1: error: static declaration of 'atof' follows non-static declaration
In file included from conftest.c:35:
/usr/include/stdlib.h:101:15: note: previous declaration of 'atof' was here
  101 | extern double atof (const char *__nptr)
      |               ^~~~
In file included from /usr/include/features.h:461,
                 from /usr/include/x86_64-linux-gnu/bits/libc-header-start.h:33,
                 from /usr/include/stdio.h:27,
                 from conftest.c:33:
/usr/include/x86_64-linux-gnu/bits/stdlib.h:37:1: error: nested function 'realpath' declared 'extern'
   37 | __NTH (realpath (const char *__restrict __name, char *__restrict __resolved))
      | ^~~~~
/usr/include/x86_64-linux-gnu/bits/stdlib.h:37:1: error: static declaration of 'realpath' follows non-static declaration
In file included from conftest.c:35:
/usr/include/stdlib.h:800:14: note: previous declaration of 'realpath' was here
  800 | extern char *realpath (const char *__restrict __name,
      |              ^~~~~~~~
In file included from /usr/include/features.h:461,
                 from /usr/include/x86_64-linux-gnu/bits/libc-header-start.h:33,
                 from /usr/include/stdio.h:27,
                 from conftest.c:33:
/usr/include/x86_64-linux-gnu/bits/stdlib.h:64:1: error: nested function 'ptsname_r' declared 'extern'
   64 | __NTH (ptsname_r (int __fd, char *__buf, size_t __buflen))
      | ^~~~~
/usr/include/x86_64-linux-gnu/bits/stdlib.h:64:1: error: static declaration of 'ptsname_r' follows non-static declaration
In file included from conftest.c:35:
/usr/include/stdlib.h:992:12: note: previous declaration of 'ptsname_r' was here
  992 | extern int ptsname_r (int __fd, char *__buf, size_t __buflen)
      |            ^~~~~~~~~
In file included from /usr/include/features.h:461,
                 from /usr/include/x86_64-linux-gnu/bits/libc-header-start.h:33,
                 from /usr/include/stdio.h:27,
                 from conftest.c:33:
/usr/include/x86_64-linux-gnu/bits/stdlib.h:83:1: error: nested function 'wctomb' declared 'extern'
   83 | __NTH (wctomb (char *__s, wchar_t __wchar))
      | ^~~~~
/usr/include/x86_64-linux-gnu/bits/stdlib.h:83:1: error: static declaration of 'wctomb' follows non-static declaration
In file included from conftest.c:35:
/usr/include/stdlib.h:929:12: note: previous declaration of 'wctomb' was here
  929 | extern int wctomb (char *__s, wchar_t __wchar) __THROW;
      |            ^~~~~~
In file included from /usr/include/features.h:461,
                 from /usr/include/x86_64-linux-gnu/bits/libc-header-start.h:33,
                 from /usr/include/stdio.h:27,
                 from conftest.c:33:
/usr/include/x86_64-linux-gnu/bits/stdlib.h:113:1: error: nested function 'mbstowcs' declared 'extern'
  113 | __NTH (mbstowcs (wchar_t *__restrict __dst, const char *__restrict __src,
      | ^~~~~
/usr/include/x86_64-linux-gnu/bits/stdlib.h:113:1: error: static declaration of 'mbstowcs' follows non-static declaration
In file included from conftest.c:35:
/usr/include/stdlib.h:933:15: note: previous declaration of 'mbstowcs' was here
  933 | extern size_t mbstowcs (wchar_t *__restrict  __pwcs,
      |               ^~~~~~~~
In file included from /usr/include/features.h:461,
                 from /usr/include/x86_64-linux-gnu/bits/libc-header-start.h:33,
                 from /usr/include/stdio.h:27,
                 from conftest.c:33:
/usr/include/x86_64-linux-gnu/bits/stdlib.h:144:1: error: nested function 'wcstombs' declared 'extern'
  144 | __NTH (wcstombs (char *__restrict __dst, const wchar_t *__restrict __src,
      | ^~~~~
/usr/include/x86_64-linux-gnu/bits/stdlib.h:144:1: error: static declaration of 'wcstombs' follows non-static declaration
In file included from conftest.c:35:
/usr/include/stdlib.h:936:15: note: previous declaration of 'wcstombs' was here
  936 | extern size_t wcstombs (char *__restrict __s,
      |               ^~~~~~~~
configure:4441: $? = 1
configure: failed program was:
| /* confdefs.h */
| #define PACKAGE_NAME ""
| #define PACKAGE_TARNAME ""
| #define PACKAGE_VERSION ""
| #define PACKAGE_STRING ""
| #define PACKAGE_BUGREPORT ""
| #define PACKAGE_URL ""
| #define STDC_HEADERS 1
| #define HAVE_SYS_TYPES_H 1
| #define HAVE_SYS_STAT_H 1
| #define HAVE_STDLIB_H 1
| #define HAVE_STRING_H 1
| #define HAVE_MEMORY_H 1
| #define HAVE_STRINGS_H 1
| #define HAVE_INTTYPES_H 1
| #define HAVE_STDINT_H 1
| #define HAVE_UNISTD_H 1
| #define __EXTENSIONS__ 1
| #define _ALL_SOURCE 1
| #define _GNU_SOURCE 1
| #define _POSIX_PTHREAD_SEMANTICS 1
| #define _TANDEM_SOURCE 1
| #define HAVE_MEMORY_H 1
| #define STDC_HEADERS 1
| #define HAVE_COMPLEX_H 1
| #define HAVE_MALLOC_H 1
| #define NOT_SEGMENTED 1
| /* end confdefs.h.  */
| u_int
| int
| main ()
| {
| #include <stdio.h>
| #ifdef __STDC__
| #include <stdlib.h>
| #endif
|   ;
|   return 0;
| }
configure:4488: checking for bcopy
configure:4488: gcc -o conftest -g -O2   conftest.c  -lm >&5
conftest.c:57:6: warning: conflicting types for built-in function 'bcopy'; expected 'void(const void *, void *, long unsigned int)' [-Wbuiltin-declaration-mismatch]
   57 | char bcopy ();
      |      ^~~~~
configure:4488: $? = 0
configure:4488: result: yes
configure:4488: checking for bzero
configure:4488: gcc -o conftest -g -O2   conftest.c  -lm >&5
conftest.c:58:6: warning: conflicting types for built-in function 'bzero'; expected 'void(void *, long unsigned int)' [-Wbuiltin-declaration-mismatch]
   58 | char bzero ();
      |      ^~~~~
configure:4488: $? = 0
configure:4488: result: yes

## ---------------- ##
## Cache variables. ##
## ---------------- ##

ac_cv_c_bigendian=no
ac_cv_c_compiler_gnu=yes
ac_cv_c_const=yes
ac_cv_env_CC_set=
ac_cv_env_CC_value=
ac_cv_env_CFLAGS_set=
ac_cv_env_CFLAGS_value=
ac_cv_env_CPPFLAGS_set=
ac_cv_env_CPPFLAGS_value=
ac_cv_env_CPP_set=
ac_cv_env_CPP_value=
ac_cv_env_LDFLAGS_set=
ac_cv_env_LDFLAGS_value=
ac_cv_env_LIBS_set=
ac_cv_env_LIBS_value=
ac_cv_env_build_alias_set=
ac_cv_env_build_alias_value=
ac_cv_env_host_alias_set=
ac_cv_env_host_alias_value=
ac_cv_env_target_alias_set=
ac_cv_env_target_alias_value=
ac_cv_func_bcopy=yes
ac_cv_func_bzero=yes
ac_cv_header_complex_h=yes
ac_cv_header_inttypes_h=yes
ac_cv_header_malloc_h=yes
ac_cv_header_memory_h=yes
ac_cv_header_minix_config_h=no
ac_cv_header_stdc=yes
ac_cv_header_stdint_h=yes
ac_cv_header_stdlib_h=yes
ac_cv_header_string_h=yes
ac_cv_header_strings_h=yes
ac_cv_header_sys_stat_h=yes
ac_cv_header_sys_types_h=yes
ac_cv_header_unistd_h=yes
ac_cv_header_varargs_h=no
ac_cv_objext=o
ac_cv_path_EGREP='/usr/bin/grep -E'
ac_cv_path_GREP=/usr/bin/grep
ac_cv_prog_CC=
ac_cv_prog_CPP='gcc -E'
ac_cv_prog_ac_ct_CC=gcc
ac_cv_prog_ac_ct_RANLIB=ranlib
ac_cv_prog_cc_c89=
ac_cv_prog_cc_c99=
ac_cv_prog_cc_g=yes
ac_cv_prog_cc_stdc=
ac_cv_safe_to_define___extensions__=yes
ac_cv_search_strerror='none required'
ac_cv_type_size_t=yes

## ----------------- ##
## Output variables. ##
## ----------------- ##

CC='gcc'
CFLAGS='-g -O2'
CPP='gcc -E'
CPPFLAGS=''
DEFS=''
ECHO_C=''
ECHO_N='-n'
ECHO_T=''
EGREP='/usr/bin/grep -E'
EXEEXT=''
GREP='/usr/bin/grep'
LDFLAGS=''
LIBOBJS=''
LIBS=' -lm'
LTLIBOBJS=''
OBJEXT='o'
PACKAGE_BUGREPORT=''
PACKAGE_NAME=''
PACKAGE_STRING=''
PACKAGE_TARNAME=''
PACKAGE_URL=''
PACKAGE_VERSION=''
PATH_SEPARATOR=':'
PROGS=''
RANLIB='ranlib'
SHELL='/bin/bash'
ac_ct_CC='gcc'
bindir='${exec_prefix}/bin'
build_alias=''
datadir='${datarootdir}'
datarootdir='${prefix}/share'
docdir='${datarootdir}/doc/${PACKAGE}'
dvidir='${docdir}'
exec_prefix='NONE'
host_alias=''
htmldir='${docdir}'
includedir='${prefix}/include'
infodir='${datarootdir}/info'
libdir='${exec_prefix}/lib'
libexecdir='${exec_prefix}/libexec'
localedir='${datarootdir}/locale'
localstatedir='${prefix}/var'
mandir='${datarootdir}/man'
oldincludedir='/usr/include'
pdfdir='${docdir}'
prefix='NONE'
program_transform_name='s,x,x,'
psdir='${docdir}'
runstatedir='${localstatedir}/run'
sbindir='${exec_prefix}/sbin'
sharedstatedir='${prefix}/com'
sysconfdir='${prefix}/etc'
target_alias=''

## ----------- ##
## confdefs.h. ##
## ----------- ##

/* confdefs.h */
#define PACKAGE_NAME ""
#define PACKAGE_TARNAME ""
#define PACKAGE_VERSION ""
#define PACKAGE_STRING ""
#define PACKAGE_BUGREPORT ""
#define PACKAGE_URL ""
#define STDC_HEADERS 1
#define HAVE_SYS_TYPES_H 1
#define HAVE_SYS_STAT_H 1
#define HAVE_STDLIB_H 1
#define HAVE_STRING_H 1
#define HAVE_MEMORY_H 1
#define HAVE_STRINGS_H 1
#define HAVE_INTTYPES_H 1
#define HAVE_STDINT_H 1
#define HAVE_UNISTD_H 1
#define __EXTENSIONS__ 1
#define _ALL_SOURCE 1
#define _GNU_SOURCE 1
#define _POSIX_PTHREAD_SEMANTICS 1
#define _TANDEM_SOURCE 1
#define HAVE_MEMORY_H 1
#define STDC_HEADERS 1
#define HAVE_COMPLEX_H 1
#define HAVE_MALLOC_H 1
#define NOT_SEGMENTED 1
#define U_INT_DEF 1
#define D_MACHEPS 
#define F_MACHEPS 
#define M_MAX_INT 
#define CHAR0ISDBL0 1
#define HAVE_BCOPY 1
#define HAVE_BZERO 1

configure: exit 2
